#! /usr/bin/vvp
:ivl_version "0.9.7 " "(v0_9_7)";
:vpi_time_precision + 0;
:vpi_module "system";
:vpi_module "v2005_math";
:vpi_module "va_math";
S_0x1490f80 .scope module, "test" "test" 2 1;
 .timescale 0 0;
v0x14a19f0_0 .var "a", 3 0;
v0x14a1ac0_0 .var "b", 3 0;
v0x14a1b70_0 .var "opcode", 1 0;
v0x14a1c20_0 .net "res", 3 0, v0x14a18a0_0; 1 drivers
S_0x1491070 .scope module, "alu" "alu_four" 2 5, 2 27, S_0x1490f80;
 .timescale 0 0;
v0x146bd50_0 .net "a", 3 0, v0x14a19f0_0; 1 drivers
v0x14a1760_0 .net "b", 3 0, v0x14a1ac0_0; 1 drivers
v0x14a1800_0 .net "opcode", 1 0, v0x14a1b70_0; 1 drivers
v0x14a18a0_0 .var "res", 3 0;
v0x14a1950_0 .alias "result", 3 0, v0x14a1c20_0;
E_0x1491c00 .event edge, v0x14a1800_0, v0x146bd50_0, v0x14a1760_0;
    .scope S_0x1491070;
T_0 ;
    %wait E_0x1491c00;
    %load/v 8, v0x14a1800_0, 2;
    %cmpi/u 8, 0, 2;
    %jmp/0xz  T_0.0, 4;
    %load/v 8, v0x146bd50_0, 4;
    %load/v 12, v0x14a1760_0, 4;
    %and 8, 12, 4;
    %set/v v0x14a18a0_0, 8, 4;
T_0.0 ;
    %load/v 8, v0x14a1800_0, 2;
    %cmpi/u 8, 1, 2;
    %jmp/0xz  T_0.2, 4;
    %load/v 8, v0x146bd50_0, 4;
    %load/v 12, v0x14a1760_0, 4;
    %or 8, 12, 4;
    %set/v v0x14a18a0_0, 8, 4;
T_0.2 ;
    %load/v 8, v0x14a1800_0, 2;
    %cmpi/u 8, 2, 2;
    %jmp/0xz  T_0.4, 4;
    %load/v 8, v0x146bd50_0, 4;
    %load/v 12, v0x14a1760_0, 4;
    %add 8, 12, 4;
    %set/v v0x14a18a0_0, 8, 4;
T_0.4 ;
    %load/v 8, v0x14a1800_0, 2;
    %cmpi/u 8, 3, 2;
    %jmp/0xz  T_0.6, 4;
    %load/v 8, v0x146bd50_0, 4;
    %load/v 12, v0x14a1760_0, 4;
    %sub 8, 12, 4;
    %set/v v0x14a18a0_0, 8, 4;
T_0.6 ;
    %jmp T_0;
    .thread T_0, $push;
    .scope S_0x1490f80;
T_1 ;
    %set/v v0x14a1b70_0, 0, 2;
    %movi 8, 13, 4;
    %set/v v0x14a19f0_0, 8, 4;
    %movi 8, 10, 4;
    %set/v v0x14a1ac0_0, 8, 4;
    %vpi_call 2 10 "$monitor", v0x14a1c20_0;
    %delay 100, 0;
    %movi 8, 1, 2;
    %set/v v0x14a1b70_0, 8, 2;
    %vpi_call 2 13 "$monitor", v0x14a1c20_0;
    %delay 100, 0;
    %movi 8, 2, 2;
    %set/v v0x14a1b70_0, 8, 2;
    %vpi_call 2 16 "$monitor", v0x14a1c20_0;
    %delay 100, 0;
    %set/v v0x14a1b70_0, 1, 2;
    %vpi_call 2 19 "$monitor", v0x14a1c20_0;
    %delay 100, 0;
    %movi 8, 1, 2;
    %set/v v0x14a1b70_0, 8, 2;
    %vpi_call 2 22 "$monitor", v0x14a1c20_0;
    %end;
    .thread T_1;
# The file index is used to find the file name in the following table.
:file_names 3;
    "N/A";
    "<interactive>";
    "alu_four.v";
