#! /usr/bin/vvp
:ivl_version "0.9.7 " "(v0_9_7)";
:vpi_time_precision + 0;
:vpi_module "system";
:vpi_module "v2005_math";
:vpi_module "va_math";
S_0x7e98b0 .scope module, "test" "test" 2 1;
 .timescale 0 0;
v0x820390_0 .var "a", 3 0;
v0x820410_0 .var "b", 3 0;
v0x8204c0_0 .net "carry", 0 0, L_0x81df50; 1 drivers
v0x820570_0 .net "display", 6 0, v0x7c3260_0; 1 drivers
RS_0x7f2e27e50078 .resolv tri, L_0x8213c0, L_0x821ef0, L_0x822af0, L_0x823610;
v0x820650_0 .net8 "sum", 3 0, RS_0x7f2e27e50078; 4 drivers
S_0x81d690 .scope module, "adder" "bit_four_add" 2 8, 2 41, S_0x7e98b0;
 .timescale 0 0;
L_0x81df50 .functor BUFZ 1, L_0x823390, C4<0>, C4<0>, C4<0>;
v0x81fe40_0 .net "a", 3 0, v0x820390_0; 1 drivers
v0x81ff00_0 .net "b", 3 0, v0x820410_0; 1 drivers
v0x81ffa0_0 .net "c1", 0 0, L_0x821010; 1 drivers
v0x820020_0 .net "c2", 0 0, L_0x821c70; 1 drivers
v0x8200f0_0 .net "c3", 0 0, L_0x8227a0; 1 drivers
v0x8201c0_0 .net "c4", 0 0, L_0x823390; 1 drivers
v0x820240_0 .alias "carry", 0 0, v0x8204c0_0;
v0x8202c0_0 .alias "sum", 3 0, v0x820650_0;
L_0x821140 .part v0x820390_0, 0, 1;
L_0x821280 .part v0x820410_0, 0, 1;
L_0x8213c0 .part/pv L_0x820ee0, 0, 1, 4;
L_0x821d10 .part v0x820390_0, 1, 1;
L_0x821e00 .part v0x820410_0, 1, 1;
L_0x821ef0 .part/pv L_0x821b40, 1, 1, 4;
L_0x822840 .part v0x820390_0, 2, 1;
L_0x8229c0 .part v0x820410_0, 2, 1;
L_0x822af0 .part/pv L_0x822670, 2, 1, 4;
L_0x823480 .part v0x820390_0, 3, 1;
L_0x823570 .part v0x820410_0, 3, 1;
L_0x823610 .part/pv L_0x823260, 3, 1, 4;
S_0x81f4d0 .scope module, "adder" "bit_one_add" 2 47, 2 29, S_0x81d690;
 .timescale 0 0;
v0x81f5c0_0 .net *"_s0", 1 0, L_0x820720; 1 drivers
v0x81f680_0 .net *"_s10", 1 0, L_0x820c10; 1 drivers
v0x81f720_0 .net *"_s13", 0 0, C4<0>; 1 drivers
v0x81f7c0_0 .net *"_s3", 0 0, C4<0>; 1 drivers
v0x81f870_0 .net *"_s4", 1 0, L_0x820870; 1 drivers
v0x81f910_0 .net *"_s7", 0 0, C4<0>; 1 drivers
v0x81f9b0_0 .net *"_s8", 1 0, L_0x820a00; 1 drivers
v0x81fa50_0 .net "a", 0 0, L_0x821140; 1 drivers
v0x81faf0_0 .net "b", 0 0, L_0x821280; 1 drivers
v0x81fb90_0 .alias "carry", 0 0, v0x81ffa0_0;
v0x81fc10_0 .net "cin", 0 0, C4<0>; 1 drivers
v0x81fc90_0 .net "sum", 0 0, L_0x820ee0; 1 drivers
v0x81fda0_0 .net "sum1", 1 0, L_0x820d40; 1 drivers
L_0x820720 .concat [ 1 1 0 0], C4<0>, C4<0>;
L_0x820870 .concat [ 1 1 0 0], L_0x821140, C4<0>;
L_0x820a00 .arith/sum 2, L_0x820720, L_0x820870;
L_0x820c10 .concat [ 1 1 0 0], L_0x821280, C4<0>;
L_0x820d40 .arith/sum 2, L_0x820a00, L_0x820c10;
L_0x820ee0 .part L_0x820d40, 0, 1;
L_0x821010 .part L_0x820d40, 1, 1;
S_0x81eb60 .scope module, "addr" "bit_one_add" 2 48, 2 29, S_0x81d690;
 .timescale 0 0;
v0x81ec50_0 .net *"_s0", 1 0, L_0x8214b0; 1 drivers
v0x81ed10_0 .net *"_s10", 1 0, L_0x8218d0; 1 drivers
v0x81edb0_0 .net *"_s13", 0 0, C4<0>; 1 drivers
v0x81ee50_0 .net *"_s3", 0 0, C4<0>; 1 drivers
v0x81ef00_0 .net *"_s4", 1 0, L_0x821620; 1 drivers
v0x81efa0_0 .net *"_s7", 0 0, C4<0>; 1 drivers
v0x81f040_0 .net *"_s8", 1 0, L_0x821790; 1 drivers
v0x81f0e0_0 .net "a", 0 0, L_0x821d10; 1 drivers
v0x81f180_0 .net "b", 0 0, L_0x821e00; 1 drivers
v0x81f220_0 .alias "carry", 0 0, v0x820020_0;
v0x81f2a0_0 .alias "cin", 0 0, v0x81ffa0_0;
v0x81f320_0 .net "sum", 0 0, L_0x821b40; 1 drivers
v0x81f430_0 .net "sum1", 1 0, L_0x821a00; 1 drivers
L_0x8214b0 .concat [ 1 1 0 0], L_0x821010, C4<0>;
L_0x821620 .concat [ 1 1 0 0], L_0x821d10, C4<0>;
L_0x821790 .arith/sum 2, L_0x8214b0, L_0x821620;
L_0x8218d0 .concat [ 1 1 0 0], L_0x821e00, C4<0>;
L_0x821a00 .arith/sum 2, L_0x821790, L_0x8218d0;
L_0x821b40 .part L_0x821a00, 0, 1;
L_0x821c70 .part L_0x821a00, 1, 1;
S_0x81e220 .scope module, "add" "bit_one_add" 2 49, 2 29, S_0x81d690;
 .timescale 0 0;
v0x81e310_0 .net *"_s0", 1 0, L_0x822060; 1 drivers
v0x81e3d0_0 .net *"_s10", 1 0, L_0x822450; 1 drivers
v0x81e470_0 .net *"_s13", 0 0, C4<0>; 1 drivers
v0x81e510_0 .net *"_s3", 0 0, C4<0>; 1 drivers
v0x81e590_0 .net *"_s4", 1 0, L_0x822220; 1 drivers
v0x81e630_0 .net *"_s7", 0 0, C4<0>; 1 drivers
v0x81e6d0_0 .net *"_s8", 1 0, L_0x822310; 1 drivers
v0x81e770_0 .net "a", 0 0, L_0x822840; 1 drivers
v0x81e810_0 .net "b", 0 0, L_0x8229c0; 1 drivers
v0x81e8b0_0 .alias "carry", 0 0, v0x8200f0_0;
v0x81e930_0 .alias "cin", 0 0, v0x820020_0;
v0x81e9b0_0 .net "sum", 0 0, L_0x822670; 1 drivers
v0x81eac0_0 .net "sum1", 1 0, L_0x822580; 1 drivers
L_0x822060 .concat [ 1 1 0 0], L_0x821c70, C4<0>;
L_0x822220 .concat [ 1 1 0 0], L_0x822840, C4<0>;
L_0x822310 .arith/sum 2, L_0x822060, L_0x822220;
L_0x822450 .concat [ 1 1 0 0], L_0x8229c0, C4<0>;
L_0x822580 .arith/sum 2, L_0x822310, L_0x822450;
L_0x822670 .part L_0x822580, 0, 1;
L_0x8227a0 .part L_0x822580, 1, 1;
S_0x81d780 .scope module, "addi" "bit_one_add" 2 50, 2 29, S_0x81d690;
 .timescale 0 0;
v0x81d870_0 .net *"_s0", 1 0, L_0x822be0; 1 drivers
v0x81d930_0 .net *"_s10", 1 0, L_0x822ff0; 1 drivers
v0x81d9d0_0 .net *"_s13", 0 0, C4<0>; 1 drivers
v0x81da70_0 .net *"_s3", 0 0, C4<0>; 1 drivers
v0x81db20_0 .net *"_s4", 1 0, L_0x822d10; 1 drivers
v0x81dbc0_0 .net *"_s7", 0 0, C4<0>; 1 drivers
v0x81dca0_0 .net *"_s8", 1 0, L_0x822e40; 1 drivers
v0x81dd40_0 .net "a", 0 0, L_0x823480; 1 drivers
v0x81de30_0 .net "b", 0 0, L_0x823570; 1 drivers
v0x81ded0_0 .alias "carry", 0 0, v0x8201c0_0;
v0x81dfd0_0 .alias "cin", 0 0, v0x8200f0_0;
v0x81e070_0 .net "sum", 0 0, L_0x823260; 1 drivers
v0x81e180_0 .net "sum1", 1 0, L_0x823120; 1 drivers
L_0x822be0 .concat [ 1 1 0 0], L_0x8227a0, C4<0>;
L_0x822d10 .concat [ 1 1 0 0], L_0x823480, C4<0>;
L_0x822e40 .arith/sum 2, L_0x822be0, L_0x822d10;
L_0x822ff0 .concat [ 1 1 0 0], L_0x823570, C4<0>;
L_0x823120 .arith/sum 2, L_0x822e40, L_0x822ff0;
L_0x823260 .part L_0x823120, 0, 1;
L_0x823390 .part L_0x823120, 1, 1;
S_0x7e9760 .scope module, "hex" "tohex" 2 9, 2 55, S_0x7e98b0;
 .timescale 0 0;
v0x7c3260_0 .var "disp", 6 0;
v0x81d550_0 .alias "display", 6 0, v0x820570_0;
v0x81d5f0_0 .alias "sum", 3 0, v0x820650_0;
E_0x7e9880 .event edge, v0x81d5f0_0;
    .scope S_0x7e9760;
T_0 ;
    %wait E_0x7e9880;
    %load/v 8, v0x81d5f0_0, 4;
    %cmpi/u 8, 0, 4;
    %jmp/0xz  T_0.0, 4;
    %movi 8, 1, 7;
    %set/v v0x7c3260_0, 8, 7;
    %jmp T_0.1;
T_0.0 ;
    %load/v 8, v0x81d5f0_0, 4;
    %cmpi/u 8, 1, 4;
    %jmp/0xz  T_0.2, 4;
    %movi 8, 79, 7;
    %set/v v0x7c3260_0, 8, 7;
T_0.2 ;
T_0.1 ;
    %load/v 8, v0x81d5f0_0, 4;
    %cmpi/u 8, 2, 4;
    %jmp/0xz  T_0.4, 4;
    %movi 8, 18, 7;
    %set/v v0x7c3260_0, 8, 7;
T_0.4 ;
    %load/v 8, v0x81d5f0_0, 4;
    %cmpi/u 8, 3, 4;
    %jmp/0xz  T_0.6, 4;
    %movi 8, 6, 7;
    %set/v v0x7c3260_0, 8, 7;
T_0.6 ;
    %load/v 8, v0x81d5f0_0, 4;
    %cmpi/u 8, 4, 4;
    %jmp/0xz  T_0.8, 4;
    %movi 8, 76, 7;
    %set/v v0x7c3260_0, 8, 7;
T_0.8 ;
    %load/v 8, v0x81d5f0_0, 4;
    %cmpi/u 8, 5, 4;
    %jmp/0xz  T_0.10, 4;
    %movi 8, 36, 7;
    %set/v v0x7c3260_0, 8, 7;
T_0.10 ;
    %load/v 8, v0x81d5f0_0, 4;
    %cmpi/u 8, 6, 4;
    %jmp/0xz  T_0.12, 4;
    %movi 8, 32, 7;
    %set/v v0x7c3260_0, 8, 7;
T_0.12 ;
    %load/v 8, v0x81d5f0_0, 4;
    %cmpi/u 8, 7, 4;
    %jmp/0xz  T_0.14, 4;
    %movi 8, 32, 7;
    %set/v v0x7c3260_0, 8, 7;
T_0.14 ;
    %load/v 8, v0x81d5f0_0, 4;
    %cmpi/u 8, 8, 4;
    %jmp/0xz  T_0.16, 4;
    %set/v v0x7c3260_0, 0, 7;
T_0.16 ;
    %load/v 8, v0x81d5f0_0, 4;
    %cmpi/u 8, 9, 4;
    %jmp/0xz  T_0.18, 4;
    %movi 8, 4, 7;
    %set/v v0x7c3260_0, 8, 7;
T_0.18 ;
    %load/v 8, v0x81d5f0_0, 4;
    %cmpi/u 8, 10, 4;
    %jmp/0xz  T_0.20, 4;
    %movi 8, 8, 7;
    %set/v v0x7c3260_0, 8, 7;
T_0.20 ;
    %load/v 8, v0x81d5f0_0, 4;
    %cmpi/u 8, 11, 4;
    %jmp/0xz  T_0.22, 4;
    %movi 8, 96, 7;
    %set/v v0x7c3260_0, 8, 7;
T_0.22 ;
    %load/v 8, v0x81d5f0_0, 4;
    %cmpi/u 8, 12, 4;
    %jmp/0xz  T_0.24, 4;
    %movi 8, 49, 7;
    %set/v v0x7c3260_0, 8, 7;
T_0.24 ;
    %load/v 8, v0x81d5f0_0, 4;
    %cmpi/u 8, 13, 4;
    %jmp/0xz  T_0.26, 4;
    %movi 8, 66, 7;
    %set/v v0x7c3260_0, 8, 7;
T_0.26 ;
    %load/v 8, v0x81d5f0_0, 4;
    %cmpi/u 8, 14, 4;
    %jmp/0xz  T_0.28, 4;
    %movi 8, 48, 7;
    %set/v v0x7c3260_0, 8, 7;
T_0.28 ;
    %load/v 8, v0x81d5f0_0, 4;
    %cmpi/u 8, 15, 4;
    %jmp/0xz  T_0.30, 4;
    %movi 8, 56, 7;
    %set/v v0x7c3260_0, 8, 7;
T_0.30 ;
    %jmp T_0;
    .thread T_0, $push;
    .scope S_0x7e98b0;
T_1 ;
    %delay 5, 0;
    %set/v v0x820390_0, 0, 4;
    %set/v v0x820410_0, 0, 4;
    %vpi_call 2 14 "$monitor", v0x8204c0_0;
    %delay 5, 0;
    %movi 8, 11, 4;
    %set/v v0x820390_0, 8, 4;
    %movi 8, 11, 4;
    %set/v v0x820410_0, 8, 4;
    %vpi_call 2 18 "$monitor", v0x8204c0_0;
    %delay 5, 0;
    %movi 8, 5, 4;
    %set/v v0x820390_0, 8, 4;
    %movi 8, 2, 4;
    %set/v v0x820410_0, 8, 4;
    %vpi_call 2 22 "$monitor", v0x820570_0;
    %delay 5, 0;
    %movi 8, 6, 4;
    %set/v v0x820390_0, 8, 4;
    %movi 8, 7, 4;
    %set/v v0x820410_0, 8, 4;
    %vpi_call 2 26 "$monitor", v0x820570_0;
    %end;
    .thread T_1;
# The file index is used to find the file name in the following table.
:file_names 3;
    "N/A";
    "<interactive>";
    "add_4.v";
